{
  "RSpec": {
    "coverage": {
      "/home/whimsical-optimization-8148/tic-tac-toe-rb-online-web-sp-000/lib/tic_tac_toe.rb": [
        1,
        null,
        null,
        1,
        null,
        null,
        null,
        null,
        null,
        null,
        null,
        null,
        1,
        13,
        13,
        13,
        13,
        13,
        null,
        null,
        1,
        15,
        null,
        null,
        1,
        14,
        null,
        null,
        1,
        17,
        null,
        null,
        1,
        15,
        null,
        null,
        1,
        12,
        12,
        12,
        12,
        11,
        11,
        null,
        1,
        null,
        null,
        null,
        1,
        13,
        13,
        117,
        10,
        null,
        null,
        13,
        null,
        null,
        1,
        12,
        null,
        null,
        1,
        77,
        408,
        408,
        408,
        null,
        408,
        408,
        408,
        null,
        null,
        408,
        null,
        31,
        null,
        377,
        null,
        13,
        null,
        null,
        33,
        null,
        null,
        1,
        111,
        null,
        null,
        1,
        20,
        7,
        13,
        7,
        6,
        6,
        null,
        null,
        null,
        1,
        12,
        9,
        3,
        0,
        null,
        3,
        null,
        null,
        null,
        1,
        10,
        9,
        null,
        null,
        null,
        1,
        11,
        9,
        null,
        11,
        4,
        4,
        7,
        3,
        null,
        null
      ]
    },
    "timestamp": 1595175821
  }
}
